Success1 notify  => s:1098:"<xml><bank_type><![CDATA[CFT]]></bank_type>
<charset><![CDATA[UTF-8]]></charset>
<fee_type><![CDATA[CNY]]></fee_type>
<is_subscribe><![CDATA[N]]></is_subscribe>
<mch_id><![CDATA[101540056828]]></mch_id>
<nonce_str><![CDATA[1494816355036]]></nonce_str>
<openid><![CDATA[o-Rj7wK9Nh9yvDEgZqKCIIOQO9P0]]></openid>
<out_trade_no><![CDATA[MHZK2017051510454153565148]]></out_trade_no>
<out_transaction_id><![CDATA[4009602001201705150906844017]]></out_transaction_id>
<pay_result><![CDATA[0]]></pay_result>
<result_code><![CDATA[0]]></result_code>
<sign><![CDATA[4DD4639A68059702E4A339CA0A1EE431]]></sign>
<sign_type><![CDATA[MD5]]></sign_type>
<status><![CDATA[0]]></status>
<sub_appid><![CDATA[wx16b9409f30641029]]></sub_appid>
<sub_is_subscribe><![CDATA[Y]]></sub_is_subscribe>
<sub_openid><![CDATA[ok8KOvwWkxi4dLNRf31KJqWvgDqI]]></sub_openid>
<time_end><![CDATA[20170515104554]]></time_end>
<total_fee><![CDATA[4850]]></total_fee>
<trade_type><![CDATA[pay.weixin.jspay]]></trade_type>
<transaction_id><![CDATA[101540056828201705151182650379]]></transaction_id>
<version><![CDATA[2.0]]></version>
</xml>";
Success1 notify  => s:1104:"<xml><bank_type><![CDATA[CCB_DEBIT]]></bank_type>
<charset><![CDATA[UTF-8]]></charset>
<fee_type><![CDATA[CNY]]></fee_type>
<is_subscribe><![CDATA[N]]></is_subscribe>
<mch_id><![CDATA[101540056828]]></mch_id>
<nonce_str><![CDATA[1494818971461]]></nonce_str>
<openid><![CDATA[o-Rj7wFCvHhdXIpI0KmylMQwCL7Q]]></openid>
<out_trade_no><![CDATA[MHZK2017051511292452984852]]></out_trade_no>
<out_transaction_id><![CDATA[4000902001201705150910890357]]></out_transaction_id>
<pay_result><![CDATA[0]]></pay_result>
<result_code><![CDATA[0]]></result_code>
<sign><![CDATA[B8C9FA7A71F4F573E8FE42DD38444E01]]></sign>
<sign_type><![CDATA[MD5]]></sign_type>
<status><![CDATA[0]]></status>
<sub_appid><![CDATA[wx16b9409f30641029]]></sub_appid>
<sub_is_subscribe><![CDATA[Y]]></sub_is_subscribe>
<sub_openid><![CDATA[ok8KOvwDgsU7MELrQOSl7z_vMAfU]]></sub_openid>
<time_end><![CDATA[20170515112930]]></time_end>
<total_fee><![CDATA[4850]]></total_fee>
<trade_type><![CDATA[pay.weixin.jspay]]></trade_type>
<transaction_id><![CDATA[101540056828201705155143142437]]></transaction_id>
<version><![CDATA[2.0]]></version>
</xml>";
Success2 notify  => a:22:{s:9:"bank_type";s:9:"CCB_DEBIT";s:7:"charset";s:5:"UTF-8";s:8:"fee_type";s:3:"CNY";s:12:"is_subscribe";s:1:"N";s:6:"mch_id";s:12:"101540056828";s:9:"nonce_str";s:13:"1494818971461";s:6:"openid";s:28:"o-Rj7wFCvHhdXIpI0KmylMQwCL7Q";s:12:"out_trade_no";s:26:"MHZK2017051511292452984852";s:18:"out_transaction_id";s:28:"4000902001201705150910890357";s:10:"pay_result";s:1:"0";s:11:"result_code";s:1:"0";s:4:"sign";s:32:"B8C9FA7A71F4F573E8FE42DD38444E01";s:9:"sign_type";s:3:"MD5";s:6:"status";s:1:"0";s:9:"sub_appid";s:18:"wx16b9409f30641029";s:16:"sub_is_subscribe";s:1:"Y";s:10:"sub_openid";s:28:"ok8KOvwDgsU7MELrQOSl7z_vMAfU";s:8:"time_end";s:14:"20170515112930";s:9:"total_fee";s:4:"4850";s:10:"trade_type";s:16:"pay.weixin.jspay";s:14:"transaction_id";s:30:"101540056828201705155143142437";s:7:"version";s:3:"2.0";}
Success3 notify  => a:21:{s:9:"bank_type";s:9:"CCB_DEBIT";s:7:"charset";s:5:"UTF-8";s:8:"fee_type";s:3:"CNY";s:12:"is_subscribe";s:1:"N";s:6:"mch_id";s:12:"101540056828";s:9:"nonce_str";s:13:"1494818971461";s:6:"openid";s:28:"o-Rj7wFCvHhdXIpI0KmylMQwCL7Q";s:12:"out_trade_no";s:26:"MHZK2017051511292452984852";s:18:"out_transaction_id";s:28:"4000902001201705150910890357";s:10:"pay_result";s:1:"0";s:11:"result_code";s:1:"0";s:9:"sign_type";s:3:"MD5";s:6:"status";s:1:"0";s:9:"sub_appid";s:18:"wx16b9409f30641029";s:16:"sub_is_subscribe";s:1:"Y";s:10:"sub_openid";s:28:"ok8KOvwDgsU7MELrQOSl7z_vMAfU";s:8:"time_end";s:14:"20170515112930";s:9:"total_fee";s:4:"4850";s:10:"trade_type";s:16:"pay.weixin.jspay";s:14:"transaction_id";s:30:"101540056828201705155143142437";s:7:"version";s:3:"2.0";}
Success1 notify  => s:1098:"<xml><bank_type><![CDATA[CFT]]></bank_type>
<charset><![CDATA[UTF-8]]></charset>
<fee_type><![CDATA[CNY]]></fee_type>
<is_subscribe><![CDATA[N]]></is_subscribe>
<mch_id><![CDATA[101540056828]]></mch_id>
<nonce_str><![CDATA[1494819538509]]></nonce_str>
<openid><![CDATA[o-Rj7wK9Nh9yvDEgZqKCIIOQO9P0]]></openid>
<out_trade_no><![CDATA[MHZK2017051511384957535057]]></out_trade_no>
<out_transaction_id><![CDATA[4009602001201705150914472990]]></out_transaction_id>
<pay_result><![CDATA[0]]></pay_result>
<result_code><![CDATA[0]]></result_code>
<sign><![CDATA[E09295A1C8BA44E10C57B773E15184FB]]></sign>
<sign_type><![CDATA[MD5]]></sign_type>
<status><![CDATA[0]]></status>
<sub_appid><![CDATA[wx16b9409f30641029]]></sub_appid>
<sub_is_subscribe><![CDATA[Y]]></sub_is_subscribe>
<sub_openid><![CDATA[ok8KOvwWkxi4dLNRf31KJqWvgDqI]]></sub_openid>
<time_end><![CDATA[20170515113858]]></time_end>
<total_fee><![CDATA[4850]]></total_fee>
<trade_type><![CDATA[pay.weixin.jspay]]></trade_type>
<transaction_id><![CDATA[101540056828201705153281289914]]></transaction_id>
<version><![CDATA[2.0]]></version>
</xml>";
Success2 notify  => a:22:{s:9:"bank_type";s:3:"CFT";s:7:"charset";s:5:"UTF-8";s:8:"fee_type";s:3:"CNY";s:12:"is_subscribe";s:1:"N";s:6:"mch_id";s:12:"101540056828";s:9:"nonce_str";s:13:"1494819538509";s:6:"openid";s:28:"o-Rj7wK9Nh9yvDEgZqKCIIOQO9P0";s:12:"out_trade_no";s:26:"MHZK2017051511384957535057";s:18:"out_transaction_id";s:28:"4009602001201705150914472990";s:10:"pay_result";s:1:"0";s:11:"result_code";s:1:"0";s:4:"sign";s:32:"E09295A1C8BA44E10C57B773E15184FB";s:9:"sign_type";s:3:"MD5";s:6:"status";s:1:"0";s:9:"sub_appid";s:18:"wx16b9409f30641029";s:16:"sub_is_subscribe";s:1:"Y";s:10:"sub_openid";s:28:"ok8KOvwWkxi4dLNRf31KJqWvgDqI";s:8:"time_end";s:14:"20170515113858";s:9:"total_fee";s:4:"4850";s:10:"trade_type";s:16:"pay.weixin.jspay";s:14:"transaction_id";s:30:"101540056828201705153281289914";s:7:"version";s:3:"2.0";}
Success3 notify  => a:21:{s:9:"bank_type";s:3:"CFT";s:7:"charset";s:5:"UTF-8";s:8:"fee_type";s:3:"CNY";s:12:"is_subscribe";s:1:"N";s:6:"mch_id";s:12:"101540056828";s:9:"nonce_str";s:13:"1494819538509";s:6:"openid";s:28:"o-Rj7wK9Nh9yvDEgZqKCIIOQO9P0";s:12:"out_trade_no";s:26:"MHZK2017051511384957535057";s:18:"out_transaction_id";s:28:"4009602001201705150914472990";s:10:"pay_result";s:1:"0";s:11:"result_code";s:1:"0";s:9:"sign_type";s:3:"MD5";s:6:"status";s:1:"0";s:9:"sub_appid";s:18:"wx16b9409f30641029";s:16:"sub_is_subscribe";s:1:"Y";s:10:"sub_openid";s:28:"ok8KOvwWkxi4dLNRf31KJqWvgDqI";s:8:"time_end";s:14:"20170515113858";s:9:"total_fee";s:4:"4850";s:10:"trade_type";s:16:"pay.weixin.jspay";s:14:"transaction_id";s:30:"101540056828201705153281289914";s:7:"version";s:3:"2.0";}
Success1 notify  => s:1098:"<xml><bank_type><![CDATA[CFT]]></bank_type>
<charset><![CDATA[UTF-8]]></charset>
<fee_type><![CDATA[CNY]]></fee_type>
<is_subscribe><![CDATA[N]]></is_subscribe>
<mch_id><![CDATA[101540056828]]></mch_id>
<nonce_str><![CDATA[1494816355036]]></nonce_str>
<openid><![CDATA[o-Rj7wK9Nh9yvDEgZqKCIIOQO9P0]]></openid>
<out_trade_no><![CDATA[MHZK2017051510454153565148]]></out_trade_no>
<out_transaction_id><![CDATA[4009602001201705150906844017]]></out_transaction_id>
<pay_result><![CDATA[0]]></pay_result>
<result_code><![CDATA[0]]></result_code>
<sign><![CDATA[4DD4639A68059702E4A339CA0A1EE431]]></sign>
<sign_type><![CDATA[MD5]]></sign_type>
<status><![CDATA[0]]></status>
<sub_appid><![CDATA[wx16b9409f30641029]]></sub_appid>
<sub_is_subscribe><![CDATA[Y]]></sub_is_subscribe>
<sub_openid><![CDATA[ok8KOvwWkxi4dLNRf31KJqWvgDqI]]></sub_openid>
<time_end><![CDATA[20170515104554]]></time_end>
<total_fee><![CDATA[4850]]></total_fee>
<trade_type><![CDATA[pay.weixin.jspay]]></trade_type>
<transaction_id><![CDATA[101540056828201705151182650379]]></transaction_id>
<version><![CDATA[2.0]]></version>
</xml>";
Success2 notify  => a:22:{s:9:"bank_type";s:3:"CFT";s:7:"charset";s:5:"UTF-8";s:8:"fee_type";s:3:"CNY";s:12:"is_subscribe";s:1:"N";s:6:"mch_id";s:12:"101540056828";s:9:"nonce_str";s:13:"1494816355036";s:6:"openid";s:28:"o-Rj7wK9Nh9yvDEgZqKCIIOQO9P0";s:12:"out_trade_no";s:26:"MHZK2017051510454153565148";s:18:"out_transaction_id";s:28:"4009602001201705150906844017";s:10:"pay_result";s:1:"0";s:11:"result_code";s:1:"0";s:4:"sign";s:32:"4DD4639A68059702E4A339CA0A1EE431";s:9:"sign_type";s:3:"MD5";s:6:"status";s:1:"0";s:9:"sub_appid";s:18:"wx16b9409f30641029";s:16:"sub_is_subscribe";s:1:"Y";s:10:"sub_openid";s:28:"ok8KOvwWkxi4dLNRf31KJqWvgDqI";s:8:"time_end";s:14:"20170515104554";s:9:"total_fee";s:4:"4850";s:10:"trade_type";s:16:"pay.weixin.jspay";s:14:"transaction_id";s:30:"101540056828201705151182650379";s:7:"version";s:3:"2.0";}
Success3 notify  => a:21:{s:9:"bank_type";s:3:"CFT";s:7:"charset";s:5:"UTF-8";s:8:"fee_type";s:3:"CNY";s:12:"is_subscribe";s:1:"N";s:6:"mch_id";s:12:"101540056828";s:9:"nonce_str";s:13:"1494816355036";s:6:"openid";s:28:"o-Rj7wK9Nh9yvDEgZqKCIIOQO9P0";s:12:"out_trade_no";s:26:"MHZK2017051510454153565148";s:18:"out_transaction_id";s:28:"4009602001201705150906844017";s:10:"pay_result";s:1:"0";s:11:"result_code";s:1:"0";s:9:"sign_type";s:3:"MD5";s:6:"status";s:1:"0";s:9:"sub_appid";s:18:"wx16b9409f30641029";s:16:"sub_is_subscribe";s:1:"Y";s:10:"sub_openid";s:28:"ok8KOvwWkxi4dLNRf31KJqWvgDqI";s:8:"time_end";s:14:"20170515104554";s:9:"total_fee";s:4:"4850";s:10:"trade_type";s:16:"pay.weixin.jspay";s:14:"transaction_id";s:30:"101540056828201705151182650379";s:7:"version";s:3:"2.0";}
Success1 notify  => s:1107:"<xml><bank_type><![CDATA[YNRCCB_DEBIT]]></bank_type>
<charset><![CDATA[UTF-8]]></charset>
<fee_type><![CDATA[CNY]]></fee_type>
<is_subscribe><![CDATA[N]]></is_subscribe>
<mch_id><![CDATA[101540056828]]></mch_id>
<nonce_str><![CDATA[1494936060409]]></nonce_str>
<openid><![CDATA[o-Rj7wMejFC70J9LMugqHWGACNz0]]></openid>
<out_trade_no><![CDATA[MHZK2017051619590899102481]]></out_trade_no>
<out_transaction_id><![CDATA[4005482001201705161114968711]]></out_transaction_id>
<pay_result><![CDATA[0]]></pay_result>
<result_code><![CDATA[0]]></result_code>
<sign><![CDATA[95682241AFF219E03D6B0CCA294E03C7]]></sign>
<sign_type><![CDATA[MD5]]></sign_type>
<status><![CDATA[0]]></status>
<sub_appid><![CDATA[wx16b9409f30641029]]></sub_appid>
<sub_is_subscribe><![CDATA[Y]]></sub_is_subscribe>
<sub_openid><![CDATA[ok8KOv5vJkQBfJVkqFG7jndxO5SQ]]></sub_openid>
<time_end><![CDATA[20170516200059]]></time_end>
<total_fee><![CDATA[5000]]></total_fee>
<trade_type><![CDATA[pay.weixin.jspay]]></trade_type>
<transaction_id><![CDATA[101540056828201705166166582544]]></transaction_id>
<version><![CDATA[2.0]]></version>
</xml>";
Success2 notify  => a:22:{s:9:"bank_type";s:12:"YNRCCB_DEBIT";s:7:"charset";s:5:"UTF-8";s:8:"fee_type";s:3:"CNY";s:12:"is_subscribe";s:1:"N";s:6:"mch_id";s:12:"101540056828";s:9:"nonce_str";s:13:"1494936060409";s:6:"openid";s:28:"o-Rj7wMejFC70J9LMugqHWGACNz0";s:12:"out_trade_no";s:26:"MHZK2017051619590899102481";s:18:"out_transaction_id";s:28:"4005482001201705161114968711";s:10:"pay_result";s:1:"0";s:11:"result_code";s:1:"0";s:4:"sign";s:32:"95682241AFF219E03D6B0CCA294E03C7";s:9:"sign_type";s:3:"MD5";s:6:"status";s:1:"0";s:9:"sub_appid";s:18:"wx16b9409f30641029";s:16:"sub_is_subscribe";s:1:"Y";s:10:"sub_openid";s:28:"ok8KOv5vJkQBfJVkqFG7jndxO5SQ";s:8:"time_end";s:14:"20170516200059";s:9:"total_fee";s:4:"5000";s:10:"trade_type";s:16:"pay.weixin.jspay";s:14:"transaction_id";s:30:"101540056828201705166166582544";s:7:"version";s:3:"2.0";}
Success3 notify  => a:21:{s:9:"bank_type";s:12:"YNRCCB_DEBIT";s:7:"charset";s:5:"UTF-8";s:8:"fee_type";s:3:"CNY";s:12:"is_subscribe";s:1:"N";s:6:"mch_id";s:12:"101540056828";s:9:"nonce_str";s:13:"1494936060409";s:6:"openid";s:28:"o-Rj7wMejFC70J9LMugqHWGACNz0";s:12:"out_trade_no";s:26:"MHZK2017051619590899102481";s:18:"out_transaction_id";s:28:"4005482001201705161114968711";s:10:"pay_result";s:1:"0";s:11:"result_code";s:1:"0";s:9:"sign_type";s:3:"MD5";s:6:"status";s:1:"0";s:9:"sub_appid";s:18:"wx16b9409f30641029";s:16:"sub_is_subscribe";s:1:"Y";s:10:"sub_openid";s:28:"ok8KOv5vJkQBfJVkqFG7jndxO5SQ";s:8:"time_end";s:14:"20170516200059";s:9:"total_fee";s:4:"5000";s:10:"trade_type";s:16:"pay.weixin.jspay";s:14:"transaction_id";s:30:"101540056828201705166166582544";s:7:"version";s:3:"2.0";}
Success notify  => a:6:{s:6:"app_id";s:18:"wx7694fb32e8a25cad";s:6:"secret";s:32:"272fdd1f957e7401bebff185af3c63b6";s:5:"token";s:15:"gh_bd7b33105083";s:7:"aes_key";s:0:"";s:5:"oauth";a:2:{s:6:"scopes";a:1:{i:0;s:11:"snsapi_base";}s:8:"callback";s:68:"http://hzzk.newltd.cn/index.php?s=/addon/Shop/Mall/ypj_callback.html";}s:7:"payment";a:4:{s:11:"merchant_id";s:10:"1362248202";s:3:"key";s:32:"gs6d5f1s6d5f1sd65fsd0f65sd15f61s";s:9:"cert_path";s:28:"./key/ypj/apiclient_cert.pem";s:8:"key_path";s:27:"./key/ypj/apiclient_key.pem";}}
Success notify  => a:6:{s:6:"app_id";s:18:"wx7694fb32e8a25cad";s:6:"secret";s:32:"272fdd1f957e7401bebff185af3c63b6";s:5:"token";s:15:"gh_bd7b33105083";s:7:"aes_key";s:0:"";s:5:"oauth";a:2:{s:6:"scopes";a:1:{i:0;s:11:"snsapi_base";}s:8:"callback";s:68:"http://hzzk.newltd.cn/index.php?s=/addon/Shop/Mall/ypj_callback.html";}s:7:"payment";a:4:{s:11:"merchant_id";s:10:"1362248202";s:3:"key";s:32:"gs6d5f1s6d5f1sd65fsd0f65sd15f61s";s:9:"cert_path";s:28:"./key/ypj/apiclient_cert.pem";s:8:"key_path";s:27:"./key/ypj/apiclient_key.pem";}}
Success notify  => a:6:{s:6:"app_id";s:18:"wx7694fb32e8a25cad";s:6:"secret";s:32:"272fdd1f957e7401bebff185af3c63b6";s:5:"token";s:15:"gh_bd7b33105083";s:7:"aes_key";s:0:"";s:5:"oauth";a:2:{s:6:"scopes";a:1:{i:0;s:11:"snsapi_base";}s:8:"callback";s:68:"http://hzzk.newltd.cn/index.php?s=/addon/Shop/Mall/ypj_callback.html";}s:7:"payment";a:4:{s:11:"merchant_id";s:10:"1362248202";s:3:"key";s:32:"gs6d5f1s6d5f1sd65fsd0f65sd15f61s";s:9:"cert_path";s:28:"./key/ypj/apiclient_cert.pem";s:8:"key_path";s:27:"./key/ypj/apiclient_key.pem";}}
Success notify  => a:6:{s:6:"app_id";s:18:"wx7694fb32e8a25cad";s:6:"secret";s:32:"272fdd1f957e7401bebff185af3c63b6";s:5:"token";s:15:"gh_bd7b33105083";s:7:"aes_key";s:0:"";s:5:"oauth";a:2:{s:6:"scopes";a:1:{i:0;s:11:"snsapi_base";}s:8:"callback";s:68:"http://hzzk.newltd.cn/index.php?s=/addon/Shop/Mall/ypj_callback.html";}s:7:"payment";a:4:{s:11:"merchant_id";s:10:"1362248202";s:3:"key";s:32:"gs6d5f1s6d5f1sd65fsd0f65sd15f61s";s:9:"cert_path";s:28:"./key/ypj/apiclient_cert.pem";s:8:"key_path";s:27:"./key/ypj/apiclient_key.pem";}}
Success notify  => a:6:{s:6:"app_id";s:18:"wx7694fb32e8a25cad";s:6:"secret";s:32:"272fdd1f957e7401bebff185af3c63b6";s:5:"token";s:15:"gh_bd7b33105083";s:7:"aes_key";s:0:"";s:5:"oauth";a:2:{s:6:"scopes";a:1:{i:0;s:11:"snsapi_base";}s:8:"callback";s:68:"http://hzzk.newltd.cn/index.php?s=/addon/Shop/Mall/ypj_callback.html";}s:7:"payment";a:4:{s:11:"merchant_id";s:10:"1362248202";s:3:"key";s:32:"gs6d5f1s6d5f1sd65fsd0f65sd15f61s";s:9:"cert_path";s:28:"./key/ypj/apiclient_cert.pem";s:8:"key_path";s:27:"./key/ypj/apiclient_key.pem";}}
Success notify  => a:6:{s:6:"app_id";s:18:"wx7694fb32e8a25cad";s:6:"secret";s:32:"272fdd1f957e7401bebff185af3c63b6";s:5:"token";s:15:"gh_bd7b33105083";s:7:"aes_key";s:0:"";s:5:"oauth";a:2:{s:6:"scopes";a:1:{i:0;s:11:"snsapi_base";}s:8:"callback";s:68:"http://hzzk.newltd.cn/index.php?s=/addon/Shop/Mall/ypj_callback.html";}s:7:"payment";a:4:{s:11:"merchant_id";s:10:"1362248202";s:3:"key";s:32:"gs6d5f1s6d5f1sd65fsd0f65sd15f61s";s:9:"cert_path";s:28:"./key/ypj/apiclient_cert.pem";s:8:"key_path";s:27:"./key/ypj/apiclient_key.pem";}}
Success notify  => a:6:{s:6:"app_id";s:18:"wx7694fb32e8a25cad";s:6:"secret";s:32:"272fdd1f957e7401bebff185af3c63b6";s:5:"token";s:15:"gh_bd7b33105083";s:7:"aes_key";s:0:"";s:5:"oauth";a:2:{s:6:"scopes";a:1:{i:0;s:11:"snsapi_base";}s:8:"callback";s:68:"http://hzzk.newltd.cn/index.php?s=/addon/Shop/Mall/ypj_callback.html";}s:7:"payment";a:4:{s:11:"merchant_id";s:10:"1362248202";s:3:"key";s:32:"gs6d5f1s6d5f1sd65fsd0f65sd15f61s";s:9:"cert_path";s:28:"./key/ypj/apiclient_cert.pem";s:8:"key_path";s:27:"./key/ypj/apiclient_key.pem";}}
Success notify  => a:6:{s:6:"app_id";s:18:"wx7694fb32e8a25cad";s:6:"secret";s:32:"272fdd1f957e7401bebff185af3c63b6";s:5:"token";s:15:"gh_bd7b33105083";s:7:"aes_key";s:0:"";s:5:"oauth";a:2:{s:6:"scopes";a:1:{i:0;s:11:"snsapi_base";}s:8:"callback";s:68:"http://hzzk.newltd.cn/index.php?s=/addon/Shop/Mall/ypj_callback.html";}s:7:"payment";a:4:{s:11:"merchant_id";s:10:"1362248202";s:3:"key";s:32:"gs6d5f1s6d5f1sd65fsd0f65sd15f61s";s:9:"cert_path";s:28:"./key/ypj/apiclient_cert.pem";s:8:"key_path";s:27:"./key/ypj/apiclient_key.pem";}}
Success notify  => a:6:{s:6:"app_id";s:18:"wx7694fb32e8a25cad";s:6:"secret";s:32:"272fdd1f957e7401bebff185af3c63b6";s:5:"token";s:15:"gh_bd7b33105083";s:7:"aes_key";s:0:"";s:5:"oauth";a:2:{s:6:"scopes";a:1:{i:0;s:11:"snsapi_base";}s:8:"callback";s:68:"http://hzzk.newltd.cn/index.php?s=/addon/Shop/Mall/ypj_callback.html";}s:7:"payment";a:4:{s:11:"merchant_id";s:10:"1362248202";s:3:"key";s:32:"gs6d5f1s6d5f1sd65fsd0f65sd15f61s";s:9:"cert_path";s:28:"./key/ypj/apiclient_cert.pem";s:8:"key_path";s:27:"./key/ypj/apiclient_key.pem";}}
Success notify  => a:6:{s:6:"app_id";s:18:"wx7694fb32e8a25cad";s:6:"secret";s:32:"272fdd1f957e7401bebff185af3c63b6";s:5:"token";s:15:"gh_bd7b33105083";s:7:"aes_key";s:0:"";s:5:"oauth";a:2:{s:6:"scopes";a:1:{i:0;s:11:"snsapi_base";}s:8:"callback";s:68:"http://hzzk.newltd.cn/index.php?s=/addon/Shop/Mall/ypj_callback.html";}s:7:"payment";a:4:{s:11:"merchant_id";s:10:"1362248202";s:3:"key";s:32:"gs6d5f1s6d5f1sd65fsd0f65sd15f61s";s:9:"cert_path";s:28:"./key/ypj/apiclient_cert.pem";s:8:"key_path";s:27:"./key/ypj/apiclient_key.pem";}}
Success notify  => a:6:{s:6:"app_id";s:18:"wx7694fb32e8a25cad";s:6:"secret";s:32:"272fdd1f957e7401bebff185af3c63b6";s:5:"token";s:15:"gh_bd7b33105083";s:7:"aes_key";s:0:"";s:5:"oauth";a:2:{s:6:"scopes";a:1:{i:0;s:11:"snsapi_base";}s:8:"callback";s:68:"http://hzzk.newltd.cn/index.php?s=/addon/Shop/Mall/ypj_callback.html";}s:7:"payment";a:4:{s:11:"merchant_id";s:10:"1362248202";s:3:"key";s:32:"gs6d5f1s6d5f1sd65fsd0f65sd15f61s";s:9:"cert_path";s:28:"./key/ypj/apiclient_cert.pem";s:8:"key_path";s:27:"./key/ypj/apiclient_key.pem";}}
Success notify  => a:6:{s:6:"app_id";s:18:"wx7694fb32e8a25cad";s:6:"secret";s:32:"272fdd1f957e7401bebff185af3c63b6";s:5:"token";s:15:"gh_bd7b33105083";s:7:"aes_key";s:0:"";s:5:"oauth";a:2:{s:6:"scopes";a:1:{i:0;s:11:"snsapi_base";}s:8:"callback";s:68:"http://hzzk.newltd.cn/index.php?s=/addon/Shop/Mall/ypj_callback.html";}s:7:"payment";a:4:{s:11:"merchant_id";s:10:"1362248202";s:3:"key";s:32:"gs6d5f1s6d5f1sd65fsd0f65sd15f61s";s:9:"cert_path";s:28:"./key/ypj/apiclient_cert.pem";s:8:"key_path";s:27:"./key/ypj/apiclient_key.pem";}}
Success notify  => a:6:{s:6:"app_id";s:18:"wx7694fb32e8a25cad";s:6:"secret";s:32:"272fdd1f957e7401bebff185af3c63b6";s:5:"token";s:15:"gh_bd7b33105083";s:7:"aes_key";s:0:"";s:5:"oauth";a:2:{s:6:"scopes";a:1:{i:0;s:11:"snsapi_base";}s:8:"callback";s:68:"http://hzzk.newltd.cn/index.php?s=/addon/Shop/Mall/ypj_callback.html";}s:7:"payment";a:4:{s:11:"merchant_id";s:10:"1362248202";s:3:"key";s:32:"gs6d5f1s6d5f1sd65fsd0f65sd15f61s";s:9:"cert_path";s:28:"./key/ypj/apiclient_cert.pem";s:8:"key_path";s:27:"./key/ypj/apiclient_key.pem";}}
Success notify  => a:6:{s:6:"app_id";s:18:"wx7694fb32e8a25cad";s:6:"secret";s:32:"272fdd1f957e7401bebff185af3c63b6";s:5:"token";s:15:"gh_bd7b33105083";s:7:"aes_key";s:0:"";s:5:"oauth";a:2:{s:6:"scopes";a:1:{i:0;s:11:"snsapi_base";}s:8:"callback";s:68:"http://hzzk.newltd.cn/index.php?s=/addon/Shop/Mall/ypj_callback.html";}s:7:"payment";a:4:{s:11:"merchant_id";s:10:"1362248202";s:3:"key";s:32:"gs6d5f1s6d5f1sd65fsd0f65sd15f61s";s:9:"cert_path";s:28:"./key/ypj/apiclient_cert.pem";s:8:"key_path";s:27:"./key/ypj/apiclient_key.pem";}}
Success notify  => a:6:{s:6:"app_id";s:18:"wx7694fb32e8a25cad";s:6:"secret";s:32:"272fdd1f957e7401bebff185af3c63b6";s:5:"token";s:15:"gh_bd7b33105083";s:7:"aes_key";s:0:"";s:5:"oauth";a:2:{s:6:"scopes";a:1:{i:0;s:11:"snsapi_base";}s:8:"callback";s:68:"http://hzzk.newltd.cn/index.php?s=/addon/Shop/Mall/ypj_callback.html";}s:7:"payment";a:4:{s:11:"merchant_id";s:10:"1362248202";s:3:"key";s:32:"gs6d5f1s6d5f1sd65fsd0f65sd15f61s";s:9:"cert_path";s:28:"./key/ypj/apiclient_cert.pem";s:8:"key_path";s:27:"./key/ypj/apiclient_key.pem";}}
Success notify  => a:6:{s:6:"app_id";s:18:"wx7694fb32e8a25cad";s:6:"secret";s:32:"272fdd1f957e7401bebff185af3c63b6";s:5:"token";s:15:"gh_bd7b33105083";s:7:"aes_key";s:0:"";s:5:"oauth";a:2:{s:6:"scopes";a:1:{i:0;s:11:"snsapi_base";}s:8:"callback";s:68:"http://hzzk.newltd.cn/index.php?s=/addon/Shop/Mall/ypj_callback.html";}s:7:"payment";a:4:{s:11:"merchant_id";s:10:"1362248202";s:3:"key";s:32:"gs6d5f1s6d5f1sd65fsd0f65sd15f61s";s:9:"cert_path";s:28:"./key/ypj/apiclient_cert.pem";s:8:"key_path";s:27:"./key/ypj/apiclient_key.pem";}}
Success notify  => a:6:{s:6:"app_id";s:18:"wx7694fb32e8a25cad";s:6:"secret";s:32:"272fdd1f957e7401bebff185af3c63b6";s:5:"token";s:15:"gh_bd7b33105083";s:7:"aes_key";s:0:"";s:5:"oauth";a:2:{s:6:"scopes";a:1:{i:0;s:11:"snsapi_base";}s:8:"callback";s:68:"http://hzzk.newltd.cn/index.php?s=/addon/Shop/Mall/ypj_callback.html";}s:7:"payment";a:4:{s:11:"merchant_id";s:10:"1362248202";s:3:"key";s:32:"gs6d5f1s6d5f1sd65fsd0f65sd15f61s";s:9:"cert_path";s:28:"./key/ypj/apiclient_cert.pem";s:8:"key_path";s:27:"./key/ypj/apiclient_key.pem";}}
Success notify  => a:6:{s:6:"app_id";s:18:"wx7694fb32e8a25cad";s:6:"secret";s:32:"272fdd1f957e7401bebff185af3c63b6";s:5:"token";s:15:"gh_bd7b33105083";s:7:"aes_key";s:0:"";s:5:"oauth";a:2:{s:6:"scopes";a:1:{i:0;s:11:"snsapi_base";}s:8:"callback";s:68:"http://hzzk.newltd.cn/index.php?s=/addon/Shop/Mall/ypj_callback.html";}s:7:"payment";a:4:{s:11:"merchant_id";s:10:"1362248202";s:3:"key";s:32:"gs6d5f1s6d5f1sd65fsd0f65sd15f61s";s:9:"cert_path";s:28:"./key/ypj/apiclient_cert.pem";s:8:"key_path";s:27:"./key/ypj/apiclient_key.pem";}}
Success notify  => a:6:{s:6:"app_id";s:18:"wx7694fb32e8a25cad";s:6:"secret";s:32:"272fdd1f957e7401bebff185af3c63b6";s:5:"token";s:15:"gh_bd7b33105083";s:7:"aes_key";s:0:"";s:5:"oauth";a:2:{s:6:"scopes";a:1:{i:0;s:11:"snsapi_base";}s:8:"callback";s:68:"http://hzzk.newltd.cn/index.php?s=/addon/Shop/Mall/ypj_callback.html";}s:7:"payment";a:4:{s:11:"merchant_id";s:10:"1362248202";s:3:"key";s:32:"gs6d5f1s6d5f1sd65fsd0f65sd15f61s";s:9:"cert_path";s:28:"./key/ypj/apiclient_cert.pem";s:8:"key_path";s:27:"./key/ypj/apiclient_key.pem";}}
Success notify  => a:6:{s:6:"app_id";s:18:"wx7694fb32e8a25cad";s:6:"secret";s:32:"272fdd1f957e7401bebff185af3c63b6";s:5:"token";s:15:"gh_bd7b33105083";s:7:"aes_key";s:0:"";s:5:"oauth";a:2:{s:6:"scopes";a:1:{i:0;s:11:"snsapi_base";}s:8:"callback";s:68:"http://hzzk.newltd.cn/index.php?s=/addon/Shop/Mall/ypj_callback.html";}s:7:"payment";a:4:{s:11:"merchant_id";s:10:"1362248202";s:3:"key";s:32:"gs6d5f1s6d5f1sd65fsd0f65sd15f61s";s:9:"cert_path";s:28:"./key/ypj/apiclient_cert.pem";s:8:"key_path";s:27:"./key/ypj/apiclient_key.pem";}}
Success notify  => a:6:{s:6:"app_id";s:18:"wx7694fb32e8a25cad";s:6:"secret";s:32:"272fdd1f957e7401bebff185af3c63b6";s:5:"token";s:15:"gh_bd7b33105083";s:7:"aes_key";s:0:"";s:5:"oauth";a:2:{s:6:"scopes";a:1:{i:0;s:11:"snsapi_base";}s:8:"callback";s:68:"http://hzzk.newltd.cn/index.php?s=/addon/Shop/Mall/ypj_callback.html";}s:7:"payment";a:4:{s:11:"merchant_id";s:10:"1362248202";s:3:"key";s:32:"gs6d5f1s6d5f1sd65fsd0f65sd15f61s";s:9:"cert_path";s:28:"./key/ypj/apiclient_cert.pem";s:8:"key_path";s:27:"./key/ypj/apiclient_key.pem";}}
Success notify  => a:6:{s:6:"app_id";s:18:"wx7694fb32e8a25cad";s:6:"secret";s:32:"272fdd1f957e7401bebff185af3c63b6";s:5:"token";s:15:"gh_bd7b33105083";s:7:"aes_key";s:0:"";s:5:"oauth";a:2:{s:6:"scopes";a:1:{i:0;s:11:"snsapi_base";}s:8:"callback";s:68:"http://hzzk.newltd.cn/index.php?s=/addon/Shop/Mall/ypj_callback.html";}s:7:"payment";a:4:{s:11:"merchant_id";s:10:"1362248202";s:3:"key";s:32:"gs6d5f1s6d5f1sd65fsd0f65sd15f61s";s:9:"cert_path";s:28:"./key/ypj/apiclient_cert.pem";s:8:"key_path";s:27:"./key/ypj/apiclient_key.pem";}}
Success notify  => a:6:{s:6:"app_id";s:18:"wx7694fb32e8a25cad";s:6:"secret";s:32:"272fdd1f957e7401bebff185af3c63b6";s:5:"token";s:15:"gh_bd7b33105083";s:7:"aes_key";s:0:"";s:5:"oauth";a:2:{s:6:"scopes";a:1:{i:0;s:11:"snsapi_base";}s:8:"callback";s:68:"http://hzzk.newltd.cn/index.php?s=/addon/Shop/Mall/ypj_callback.html";}s:7:"payment";a:4:{s:11:"merchant_id";s:10:"1362248202";s:3:"key";s:32:"gs6d5f1s6d5f1sd65fsd0f65sd15f61s";s:9:"cert_path";s:28:"./key/ypj/apiclient_cert.pem";s:8:"key_path";s:27:"./key/ypj/apiclient_key.pem";}}
Success notify  => a:6:{s:6:"app_id";s:18:"wx7694fb32e8a25cad";s:6:"secret";s:32:"272fdd1f957e7401bebff185af3c63b6";s:5:"token";s:15:"gh_bd7b33105083";s:7:"aes_key";s:0:"";s:5:"oauth";a:2:{s:6:"scopes";a:1:{i:0;s:11:"snsapi_base";}s:8:"callback";s:68:"http://hzzk.newltd.cn/index.php?s=/addon/Shop/Mall/ypj_callback.html";}s:7:"payment";a:4:{s:11:"merchant_id";s:10:"1362248202";s:3:"key";s:32:"gs6d5f1s6d5f1sd65fsd0f65sd15f61s";s:9:"cert_path";s:28:"./key/ypj/apiclient_cert.pem";s:8:"key_path";s:27:"./key/ypj/apiclient_key.pem";}}
Success notify  => a:6:{s:6:"app_id";s:18:"wx7694fb32e8a25cad";s:6:"secret";s:32:"272fdd1f957e7401bebff185af3c63b6";s:5:"token";s:15:"gh_bd7b33105083";s:7:"aes_key";s:0:"";s:5:"oauth";a:2:{s:6:"scopes";a:1:{i:0;s:11:"snsapi_base";}s:8:"callback";s:68:"http://hzzk.newltd.cn/index.php?s=/addon/Shop/Mall/ypj_callback.html";}s:7:"payment";a:4:{s:11:"merchant_id";s:10:"1362248202";s:3:"key";s:32:"gs6d5f1s6d5f1sd65fsd0f65sd15f61s";s:9:"cert_path";s:28:"./key/ypj/apiclient_cert.pem";s:8:"key_path";s:27:"./key/ypj/apiclient_key.pem";}}
Success notify  => a:6:{s:6:"app_id";s:18:"wx7694fb32e8a25cad";s:6:"secret";s:32:"272fdd1f957e7401bebff185af3c63b6";s:5:"token";s:15:"gh_bd7b33105083";s:7:"aes_key";s:0:"";s:5:"oauth";a:2:{s:6:"scopes";a:1:{i:0;s:11:"snsapi_base";}s:8:"callback";s:68:"http://hzzk.newltd.cn/index.php?s=/addon/Shop/Mall/ypj_callback.html";}s:7:"payment";a:4:{s:11:"merchant_id";s:10:"1362248202";s:3:"key";s:32:"gs6d5f1s6d5f1sd65fsd0f65sd15f61s";s:9:"cert_path";s:28:"./key/ypj/apiclient_cert.pem";s:8:"key_path";s:27:"./key/ypj/apiclient_key.pem";}}
Success notify  => a:6:{s:6:"app_id";s:18:"wx7694fb32e8a25cad";s:6:"secret";s:32:"272fdd1f957e7401bebff185af3c63b6";s:5:"token";s:15:"gh_bd7b33105083";s:7:"aes_key";s:0:"";s:5:"oauth";a:2:{s:6:"scopes";a:1:{i:0;s:11:"snsapi_base";}s:8:"callback";s:68:"http://hzzk.newltd.cn/index.php?s=/addon/Shop/Mall/ypj_callback.html";}s:7:"payment";a:4:{s:11:"merchant_id";s:10:"1362248202";s:3:"key";s:32:"gs6d5f1s6d5f1sd65fsd0f65sd15f61s";s:9:"cert_path";s:28:"./key/ypj/apiclient_cert.pem";s:8:"key_path";s:27:"./key/ypj/apiclient_key.pem";}}
Success notify  => a:6:{s:6:"app_id";s:18:"wx7694fb32e8a25cad";s:6:"secret";s:32:"272fdd1f957e7401bebff185af3c63b6";s:5:"token";s:15:"gh_bd7b33105083";s:7:"aes_key";s:0:"";s:5:"oauth";a:2:{s:6:"scopes";a:1:{i:0;s:11:"snsapi_base";}s:8:"callback";s:68:"http://hzzk.newltd.cn/index.php?s=/addon/Shop/Mall/ypj_callback.html";}s:7:"payment";a:4:{s:11:"merchant_id";s:10:"1362248202";s:3:"key";s:32:"gs6d5f1s6d5f1sd65fsd0f65sd15f61s";s:9:"cert_path";s:28:"./key/ypj/apiclient_cert.pem";s:8:"key_path";s:27:"./key/ypj/apiclient_key.pem";}}
Success notify  => a:6:{s:6:"app_id";s:18:"wx7694fb32e8a25cad";s:6:"secret";s:32:"272fdd1f957e7401bebff185af3c63b6";s:5:"token";s:15:"gh_bd7b33105083";s:7:"aes_key";s:0:"";s:5:"oauth";a:2:{s:6:"scopes";a:1:{i:0;s:11:"snsapi_base";}s:8:"callback";s:68:"http://hzzk.newltd.cn/index.php?s=/addon/Shop/Mall/ypj_callback.html";}s:7:"payment";a:4:{s:11:"merchant_id";s:10:"1362248202";s:3:"key";s:32:"gs6d5f1s6d5f1sd65fsd0f65sd15f61s";s:9:"cert_path";s:28:"./key/ypj/apiclient_cert.pem";s:8:"key_path";s:27:"./key/ypj/apiclient_key.pem";}}
Success notify  => a:6:{s:6:"app_id";s:18:"wx7694fb32e8a25cad";s:6:"secret";s:32:"272fdd1f957e7401bebff185af3c63b6";s:5:"token";s:15:"gh_bd7b33105083";s:7:"aes_key";s:0:"";s:5:"oauth";a:2:{s:6:"scopes";a:1:{i:0;s:11:"snsapi_base";}s:8:"callback";s:68:"http://hzzk.newltd.cn/index.php?s=/addon/Shop/Mall/ypj_callback.html";}s:7:"payment";a:4:{s:11:"merchant_id";s:10:"1362248202";s:3:"key";s:32:"gs6d5f1s6d5f1sd65fsd0f65sd15f61s";s:9:"cert_path";s:28:"./key/ypj/apiclient_cert.pem";s:8:"key_path";s:27:"./key/ypj/apiclient_key.pem";}}
Success notify  => a:6:{s:6:"app_id";s:18:"wx7694fb32e8a25cad";s:6:"secret";s:32:"272fdd1f957e7401bebff185af3c63b6";s:5:"token";s:15:"gh_bd7b33105083";s:7:"aes_key";s:0:"";s:5:"oauth";a:2:{s:6:"scopes";a:1:{i:0;s:11:"snsapi_base";}s:8:"callback";s:68:"http://hzzk.newltd.cn/index.php?s=/addon/Shop/Mall/ypj_callback.html";}s:7:"payment";a:4:{s:11:"merchant_id";s:10:"1362248202";s:3:"key";s:32:"gs6d5f1s6d5f1sd65fsd0f65sd15f61s";s:9:"cert_path";s:28:"./key/ypj/apiclient_cert.pem";s:8:"key_path";s:27:"./key/ypj/apiclient_key.pem";}}
Success notify  => a:6:{s:6:"app_id";s:18:"wx7694fb32e8a25cad";s:6:"secret";s:32:"272fdd1f957e7401bebff185af3c63b6";s:5:"token";s:15:"gh_bd7b33105083";s:7:"aes_key";s:0:"";s:5:"oauth";a:2:{s:6:"scopes";a:1:{i:0;s:11:"snsapi_base";}s:8:"callback";s:68:"http://hzzk.newltd.cn/index.php?s=/addon/Shop/Mall/ypj_callback.html";}s:7:"payment";a:4:{s:11:"merchant_id";s:10:"1362248202";s:3:"key";s:32:"gs6d5f1s6d5f1sd65fsd0f65sd15f61s";s:9:"cert_path";s:28:"./key/ypj/apiclient_cert.pem";s:8:"key_path";s:27:"./key/ypj/apiclient_key.pem";}}
Success notify  => a:6:{s:6:"app_id";s:18:"wx7694fb32e8a25cad";s:6:"secret";s:32:"272fdd1f957e7401bebff185af3c63b6";s:5:"token";s:15:"gh_bd7b33105083";s:7:"aes_key";s:0:"";s:5:"oauth";a:2:{s:6:"scopes";a:1:{i:0;s:11:"snsapi_base";}s:8:"callback";s:68:"http://hzzk.newltd.cn/index.php?s=/addon/Shop/Mall/ypj_callback.html";}s:7:"payment";a:4:{s:11:"merchant_id";s:10:"1362248202";s:3:"key";s:32:"gs6d5f1s6d5f1sd65fsd0f65sd15f61s";s:9:"cert_path";s:28:"./key/ypj/apiclient_cert.pem";s:8:"key_path";s:27:"./key/ypj/apiclient_key.pem";}}
Success notify  => a:6:{s:6:"app_id";s:18:"wx7694fb32e8a25cad";s:6:"secret";s:32:"272fdd1f957e7401bebff185af3c63b6";s:5:"token";s:15:"gh_bd7b33105083";s:7:"aes_key";s:0:"";s:5:"oauth";a:2:{s:6:"scopes";a:1:{i:0;s:11:"snsapi_base";}s:8:"callback";s:68:"http://hzzk.newltd.cn/index.php?s=/addon/Shop/Mall/ypj_callback.html";}s:7:"payment";a:4:{s:11:"merchant_id";s:10:"1362248202";s:3:"key";s:32:"gs6d5f1s6d5f1sd65fsd0f65sd15f61s";s:9:"cert_path";s:28:"./key/ypj/apiclient_cert.pem";s:8:"key_path";s:27:"./key/ypj/apiclient_key.pem";}}
Success notify  => a:6:{s:6:"app_id";s:18:"wx7694fb32e8a25cad";s:6:"secret";s:32:"272fdd1f957e7401bebff185af3c63b6";s:5:"token";s:15:"gh_bd7b33105083";s:7:"aes_key";s:0:"";s:5:"oauth";a:2:{s:6:"scopes";a:1:{i:0;s:11:"snsapi_base";}s:8:"callback";s:68:"http://hzzk.newltd.cn/index.php?s=/addon/Shop/Mall/ypj_callback.html";}s:7:"payment";a:4:{s:11:"merchant_id";s:10:"1362248202";s:3:"key";s:32:"gs6d5f1s6d5f1sd65fsd0f65sd15f61s";s:9:"cert_path";s:28:"./key/ypj/apiclient_cert.pem";s:8:"key_path";s:27:"./key/ypj/apiclient_key.pem";}}
Success notify  => a:6:{s:6:"app_id";s:18:"wx7694fb32e8a25cad";s:6:"secret";s:32:"272fdd1f957e7401bebff185af3c63b6";s:5:"token";s:15:"gh_bd7b33105083";s:7:"aes_key";s:0:"";s:5:"oauth";a:2:{s:6:"scopes";a:1:{i:0;s:11:"snsapi_base";}s:8:"callback";s:68:"http://hzzk.newltd.cn/index.php?s=/addon/Shop/Mall/ypj_callback.html";}s:7:"payment";a:4:{s:11:"merchant_id";s:10:"1362248202";s:3:"key";s:32:"gs6d5f1s6d5f1sd65fsd0f65sd15f61s";s:9:"cert_path";s:28:"./key/ypj/apiclient_cert.pem";s:8:"key_path";s:27:"./key/ypj/apiclient_key.pem";}}
Success notify  => a:6:{s:6:"app_id";s:18:"wx7694fb32e8a25cad";s:6:"secret";s:32:"272fdd1f957e7401bebff185af3c63b6";s:5:"token";s:15:"gh_bd7b33105083";s:7:"aes_key";s:0:"";s:5:"oauth";a:2:{s:6:"scopes";a:1:{i:0;s:11:"snsapi_base";}s:8:"callback";s:68:"http://hzzk.newltd.cn/index.php?s=/addon/Shop/Mall/ypj_callback.html";}s:7:"payment";a:4:{s:11:"merchant_id";s:10:"1362248202";s:3:"key";s:32:"gs6d5f1s6d5f1sd65fsd0f65sd15f61s";s:9:"cert_path";s:28:"./key/ypj/apiclient_cert.pem";s:8:"key_path";s:27:"./key/ypj/apiclient_key.pem";}}
Success notify  => a:6:{s:6:"app_id";s:18:"wx7694fb32e8a25cad";s:6:"secret";s:32:"272fdd1f957e7401bebff185af3c63b6";s:5:"token";s:15:"gh_bd7b33105083";s:7:"aes_key";s:0:"";s:5:"oauth";a:2:{s:6:"scopes";a:1:{i:0;s:11:"snsapi_base";}s:8:"callback";s:68:"http://hzzk.newltd.cn/index.php?s=/addon/Shop/Mall/ypj_callback.html";}s:7:"payment";a:4:{s:11:"merchant_id";s:10:"1362248202";s:3:"key";s:32:"gs6d5f1s6d5f1sd65fsd0f65sd15f61s";s:9:"cert_path";s:28:"./key/ypj/apiclient_cert.pem";s:8:"key_path";s:27:"./key/ypj/apiclient_key.pem";}}
Success notify  => a:6:{s:6:"app_id";s:18:"wx7694fb32e8a25cad";s:6:"secret";s:32:"272fdd1f957e7401bebff185af3c63b6";s:5:"token";s:15:"gh_bd7b33105083";s:7:"aes_key";s:0:"";s:5:"oauth";a:2:{s:6:"scopes";a:1:{i:0;s:11:"snsapi_base";}s:8:"callback";s:68:"http://hzzk.newltd.cn/index.php?s=/addon/Shop/Mall/ypj_callback.html";}s:7:"payment";a:4:{s:11:"merchant_id";s:10:"1362248202";s:3:"key";s:32:"gs6d5f1s6d5f1sd65fsd0f65sd15f61s";s:9:"cert_path";s:28:"./key/ypj/apiclient_cert.pem";s:8:"key_path";s:27:"./key/ypj/apiclient_key.pem";}}
Success notify  => a:6:{s:6:"app_id";s:18:"wx7694fb32e8a25cad";s:6:"secret";s:32:"272fdd1f957e7401bebff185af3c63b6";s:5:"token";s:15:"gh_bd7b33105083";s:7:"aes_key";s:0:"";s:5:"oauth";a:2:{s:6:"scopes";a:1:{i:0;s:11:"snsapi_base";}s:8:"callback";s:68:"http://hzzk.newltd.cn/index.php?s=/addon/Shop/Mall/ypj_callback.html";}s:7:"payment";a:4:{s:11:"merchant_id";s:10:"1362248202";s:3:"key";s:32:"gs6d5f1s6d5f1sd65fsd0f65sd15f61s";s:9:"cert_path";s:28:"./key/ypj/apiclient_cert.pem";s:8:"key_path";s:27:"./key/ypj/apiclient_key.pem";}}
Success notify  => a:6:{s:6:"app_id";s:18:"wx7694fb32e8a25cad";s:6:"secret";s:32:"272fdd1f957e7401bebff185af3c63b6";s:5:"token";s:15:"gh_bd7b33105083";s:7:"aes_key";s:0:"";s:5:"oauth";a:2:{s:6:"scopes";a:1:{i:0;s:11:"snsapi_base";}s:8:"callback";s:68:"http://hzzk.newltd.cn/index.php?s=/addon/Shop/Mall/ypj_callback.html";}s:7:"payment";a:4:{s:11:"merchant_id";s:10:"1362248202";s:3:"key";s:32:"gs6d5f1s6d5f1sd65fsd0f65sd15f61s";s:9:"cert_path";s:28:"./key/ypj/apiclient_cert.pem";s:8:"key_path";s:27:"./key/ypj/apiclient_key.pem";}}
Success notify  => a:6:{s:6:"app_id";s:18:"wx7694fb32e8a25cad";s:6:"secret";s:32:"272fdd1f957e7401bebff185af3c63b6";s:5:"token";s:15:"gh_bd7b33105083";s:7:"aes_key";s:0:"";s:5:"oauth";a:2:{s:6:"scopes";a:1:{i:0;s:11:"snsapi_base";}s:8:"callback";s:68:"http://hzzk.newltd.cn/index.php?s=/addon/Shop/Mall/ypj_callback.html";}s:7:"payment";a:4:{s:11:"merchant_id";s:10:"1362248202";s:3:"key";s:32:"gs6d5f1s6d5f1sd65fsd0f65sd15f61s";s:9:"cert_path";s:28:"./key/ypj/apiclient_cert.pem";s:8:"key_path";s:27:"./key/ypj/apiclient_key.pem";}}
Success notify  => a:6:{s:6:"app_id";s:18:"wx7694fb32e8a25cad";s:6:"secret";s:32:"272fdd1f957e7401bebff185af3c63b6";s:5:"token";s:15:"gh_bd7b33105083";s:7:"aes_key";s:0:"";s:5:"oauth";a:2:{s:6:"scopes";a:1:{i:0;s:11:"snsapi_base";}s:8:"callback";s:68:"http://hzzk.newltd.cn/index.php?s=/addon/Shop/Mall/ypj_callback.html";}s:7:"payment";a:4:{s:11:"merchant_id";s:10:"1362248202";s:3:"key";s:32:"gs6d5f1s6d5f1sd65fsd0f65sd15f61s";s:9:"cert_path";s:28:"./key/ypj/apiclient_cert.pem";s:8:"key_path";s:27:"./key/ypj/apiclient_key.pem";}}
